#
# There is insufficient memory for the Java Runtime Environment to continue.
# Native memory allocation (malloc) failed to allocate 32744 bytes for Chunk::new
# Possible reasons:
#   The system is out of physical RAM or swap space
#   The process is running with CompressedOops enabled, and the Java Heap may be blocking the growth of the native heap
# Possible solutions:
#   Reduce memory load on the system
#   Increase physical memory or swap space
#   Check if swap backing store is full
#   Decrease Java heap size (-Xmx/-Xms)
#   Decrease number of Java threads
#   Decrease Java thread stack sizes (-Xss)
#   Set larger code cache with -XX:ReservedCodeCacheSize=
#   JVM is running with Unscaled Compressed Oops mode in which the Java heap is
#     placed in the first 4GB address space. The Java Heap base address is the
#     maximum limit for the native heap growth. Please use -XX:HeapBaseMinAddress
#     to set the Java Heap base and to place the Java Heap above 4GB virtual address.
# This output file may be truncated or incomplete.
#
#  Out of Memory Error (arena.cpp:184), pid=16240, tid=35748
#
# JRE version: OpenJDK Runtime Environment Temurin-20.0.1+9 (20.0.1+9) (build 20.0.1+9)
# Java VM: OpenJDK 64-Bit Server VM Temurin-20.0.1+9 (20.0.1+9, mixed mode, tiered, compressed oops, compressed class ptrs, g1 gc, windows-amd64)
# No core dump will be written. Minidumps are not enabled by default on client versions of Windows
#

---------------  S U M M A R Y ------------

Command Line: -ea -Dfile.encoding=UTF-8 -XX:+ShowCodeDetailsInExceptionMessages org.testng.remote.RemoteTestNG -serport 51646 -protocol json -d C:\Users\nqe00505\Sparsh-10Oct\NonAdmin\test-output C:\Users\nqe00505\AppData\Local\Temp\testng-eclipse--1984393666\testng-customsuite.xml

Host: Intel(R) Core(TM) i7-6600U CPU @ 2.60GHz, 4 cores, 7G,  Windows 10 , 64 bit Build 19041 (10.0.19041.3636)
Time: Thu Mar  7 13:02:45 2024 India Standard Time elapsed time: 10.594583 seconds (0d 0h 0m 10s)

---------------  T H R E A D  ---------------

Current thread (0x000001f17e8be010):  JavaThread "C2 CompilerThread0" daemon [_thread_in_native, id=35748, stack(0x00000090c9e00000,0x00000090c9f00000)]


Current CompileTask:
C2:  10594 3485       4       org.openqa.selenium.io.MultiOutputStream::write (24 bytes)

Stack: [0x00000090c9e00000,0x00000090c9f00000]
Native frames: (J=compiled Java code, j=interpreted, Vv=VM code, C=native code)
V  [jvm.dll+0x6c44aa]
V  [jvm.dll+0x8a27fc]
V  [jvm.dll+0x8a4405]
V  [jvm.dll+0x8a4b03]
V  [jvm.dll+0x284a4f]
V  [jvm.dll+0xc4ad1]
V  [jvm.dll+0xc4de5]
V  [jvm.dll+0x64cdb0]
V  [jvm.dll+0x653317]
V  [jvm.dll+0x6542a2]
V  [jvm.dll+0x652700]
V  [jvm.dll+0x24e8b8]
V  [jvm.dll+0x24de31]
V  [jvm.dll+0x1d09c1]
V  [jvm.dll+0x25d75b]
V  [jvm.dll+0x25be40]
V  [jvm.dll+0x3f8f05]
V  [jvm.dll+0x84e976]
V  [jvm.dll+0x6c310b]
C  [ucrtbase.dll+0x21bb2]
C  [KERNEL32.DLL+0x17344]
C  [ntdll.dll+0x526b1]


---------------  P R O C E S S  ---------------

Threads class SMR info:
_java_thread_list=0x000001f110410fb0, length=20, elements={
0x000001f1719cf3f0, 0x000001f17a40bc80, 0x000001f17a40c880, 0x000001f17e871090,
0x000001f17e871dd0, 0x000001f17e8b3910, 0x000001f17e863aa0, 0x000001f17e8be010,
0x000001f17e8647d0, 0x000001f17e951e90, 0x000001f17e94feb0, 0x000001f17e951940,
0x000001f17e950ea0, 0x000001f17e950400, 0x000001f17e950950, 0x000001f110384ad0,
0x000001f110388540, 0x000001f110388a90, 0x000001f110387000, 0x000001f110381060
}

Java Threads: ( => current thread )
  0x000001f1719cf3f0 JavaThread "Forwarding newSession on session null to remote" [_thread_blocked, id=34512, stack(0x00000090c9100000,0x00000090c9200000)]
  0x000001f17a40bc80 JavaThread "Reference Handler" daemon [_thread_blocked, id=19524, stack(0x00000090c9800000,0x00000090c9900000)]
  0x000001f17a40c880 JavaThread "Finalizer" daemon [_thread_blocked, id=35752, stack(0x00000090c9900000,0x00000090c9a00000)]
  0x000001f17e871090 JavaThread "Signal Dispatcher" daemon [_thread_blocked, id=18168, stack(0x00000090c9a00000,0x00000090c9b00000)]
  0x000001f17e871dd0 JavaThread "Attach Listener" daemon [_thread_blocked, id=30336, stack(0x00000090c9b00000,0x00000090c9c00000)]
  0x000001f17e8b3910 JavaThread "Service Thread" daemon [_thread_blocked, id=11824, stack(0x00000090c9c00000,0x00000090c9d00000)]
  0x000001f17e863aa0 JavaThread "Monitor Deflation Thread" daemon [_thread_blocked, id=34184, stack(0x00000090c9d00000,0x00000090c9e00000)]
=>0x000001f17e8be010 JavaThread "C2 CompilerThread0" daemon [_thread_in_native, id=35748, stack(0x00000090c9e00000,0x00000090c9f00000)]
  0x000001f17e8647d0 JavaThread "C1 CompilerThread0" daemon [_thread_blocked, id=32412, stack(0x00000090c9f00000,0x00000090ca000000)]
  0x000001f17e951e90 JavaThread "Notification Thread" daemon [_thread_blocked, id=34396, stack(0x00000090ca000000,0x00000090ca100000)]
  0x000001f17e94feb0 JavaThread "Common-Cleaner" daemon [_thread_blocked, id=31100, stack(0x00000090ca200000,0x00000090ca300000)]
  0x000001f17e951940 JavaThread "ReaderThread" [_thread_in_native, id=34140, stack(0x00000090ca800000,0x00000090ca900000)]
  0x000001f17e950ea0 JavaThread "ForkJoinPool.commonPool-worker-1" daemon [_thread_blocked, id=35772, stack(0x00000090ca900000,0x00000090caa00000)]
  0x000001f17e950400 JavaThread "AsyncHttpClient-1-1" daemon [_thread_blocked, id=35012, stack(0x00000090caa00000,0x00000090cab00000)]
  0x000001f17e950950 JavaThread "Exec Default Executor" daemon [_thread_in_native, id=7604, stack(0x00000090cac00000,0x00000090cad00000)]
  0x000001f110384ad0 JavaThread "Exec Stream Pumper" daemon [_thread_in_native, id=35000, stack(0x00000090cad00000,0x00000090cae00000)]
  0x000001f110388540 JavaThread "Exec Stream Pumper" daemon [_thread_in_native, id=33860, stack(0x00000090cae00000,0x00000090caf00000)]
  0x000001f110388a90 JavaThread "Driver Service Executor" daemon [_thread_blocked, id=32520, stack(0x00000090caf00000,0x00000090cb000000)]
  0x000001f110387000 JavaThread "Driver Service Executor" daemon [_thread_blocked, id=4816, stack(0x00000090cb000000,0x00000090cb100000)]
  0x000001f110381060 JavaThread "AsyncHttpClient-1-2" daemon [_thread_in_native, id=35548, stack(0x00000090ca300000,0x00000090ca400000)]

Other Threads:
  0x000001f17a403620 VMThread "VM Thread" [stack: 0x00000090c9700000,0x00000090c9800000] [id=17704]
  0x000001f17eb2baa0 WatcherThread "VM Periodic Task Thread" [stack: 0x00000090ca100000,0x00000090ca200000] [id=35592]
  0x000001f171a2d580 WorkerThread "GC Thread#0" [stack: 0x00000090c9200000,0x00000090c9300000] [id=23012]
  0x000001f17ee614b0 WorkerThread "GC Thread#1" [stack: 0x00000090ca400000,0x00000090ca500000] [id=33240]
  0x000001f17f321260 WorkerThread "GC Thread#2" [stack: 0x00000090ca500000,0x00000090ca600000] [id=25856]
  0x000001f17eef4470 WorkerThread "GC Thread#3" [stack: 0x00000090ca600000,0x00000090ca700000] [id=35736]
  0x000001f171a3ea90 ConcurrentGCThread "G1 Main Marker" [stack: 0x00000090c9300000,0x00000090c9400000] [id=34020]
  0x000001f171a404d0 WorkerThread "G1 Conc#0" [stack: 0x00000090c9400000,0x00000090c9500000] [id=35616]
  0x000001f171a7dd20 ConcurrentGCThread "G1 Refine#0" [stack: 0x00000090c9500000,0x00000090c9600000] [id=20368]
  0x000001f171a7e5d0 ConcurrentGCThread "G1 Service" [stack: 0x00000090c9600000,0x00000090c9700000] [id=4076]

Threads with active compile tasks:
C2 CompilerThread0    10660 3485       4       org.openqa.selenium.io.MultiOutputStream::write (24 bytes)

VM state: not at safepoint (normal execution)

VM Mutex/Monitor currently owned by a thread: None

Heap address: 0x0000000081a00000, size: 2022 MB, Compressed Oops mode: 32-bit

CDS archive(s) not mapped
Compressed class space mapped at: 0x0000000100000000-0x0000000140000000, reserved size: 1073741824
Narrow klass base: 0x0000000000000000, Narrow klass shift: 3, Narrow klass range: 0x140000000

GC Precious Log:
 CardTable entry size: 512
 Card Set container configuration: InlinePtr #cards 5 size 8 Array Of Cards #cards 12 size 40 Howl #buckets 4 coarsen threshold 1843 Howl Bitmap #cards 512 size 80 coarsen threshold 460 Card regions per heap region 1 cards per card region 2048
 CPUs: 4 total, 4 available
 Memory: 8083M
 Large Page Support: Disabled
 NUMA Support: Disabled
 Compressed Oops: Enabled (32-bit)
 Heap Region Size: 1M
 Heap Min Capacity: 8M
 Heap Initial Capacity: 128M
 Heap Max Capacity: 2022M
 Pre-touch: Disabled
 Parallel Workers: 4
 Concurrent Workers: 1
 Concurrent Refinement Workers: 4
 Periodic GC: Disabled

Heap:
 garbage-first heap   total 58368K, used 46330K [0x0000000081a00000, 0x0000000100000000)
  region size 1024K, 20 young (20480K), 2 survivors (2048K)
 Metaspace       used 41303K, committed 41728K, reserved 1114112K
  class space    used 4718K, committed 4928K, reserved 1048576K

Heap Regions: E=young(eden), S=young(survivor), O=old, HS=humongous(starts), HC=humongous(continues), CS=collection set, F=free, OA=open archive, CA=closed archive, TAMS=top-at-mark-start, PB=parsable bottom
|   0|0x0000000081a00000, 0x0000000081b00000, 0x0000000081b00000|100%| O|  |TAMS 0x0000000081a00000| PB 0x0000000081a00000| Untracked 
|   1|0x0000000081b00000, 0x0000000081c00000, 0x0000000081c00000|100%| O|  |TAMS 0x0000000081b00000| PB 0x0000000081b00000| Untracked 
|   2|0x0000000081c00000, 0x0000000081d00000, 0x0000000081d00000|100%| O|  |TAMS 0x0000000081c00000| PB 0x0000000081c00000| Untracked 
|   3|0x0000000081d00000, 0x0000000081e00000, 0x0000000081e00000|100%| O|  |TAMS 0x0000000081d00000| PB 0x0000000081d00000| Untracked 
|   4|0x0000000081e00000, 0x0000000081f00000, 0x0000000081f00000|100%| O|  |TAMS 0x0000000081e00000| PB 0x0000000081e00000| Untracked 
|   5|0x0000000081f00000, 0x0000000082000000, 0x0000000082000000|100%| O|  |TAMS 0x0000000081f00000| PB 0x0000000081f00000| Untracked 
|   6|0x0000000082000000, 0x0000000082100000, 0x0000000082100000|100%| O|  |TAMS 0x0000000082000000| PB 0x0000000082000000| Untracked 
|   7|0x0000000082100000, 0x0000000082200000, 0x0000000082200000|100%| O|  |TAMS 0x0000000082100000| PB 0x0000000082100000| Untracked 
|   8|0x0000000082200000, 0x0000000082300000, 0x0000000082300000|100%| O|  |TAMS 0x0000000082200000| PB 0x0000000082200000| Untracked 
|   9|0x0000000082300000, 0x00000000823ec200, 0x0000000082400000| 92%| O|  |TAMS 0x0000000082300000| PB 0x0000000082300000| Untracked 
|  10|0x0000000082400000, 0x0000000082500000, 0x0000000082500000|100%| O|  |TAMS 0x0000000082400000| PB 0x0000000082400000| Untracked 
|  11|0x0000000082500000, 0x0000000082600000, 0x0000000082600000|100%| O|  |TAMS 0x0000000082500000| PB 0x0000000082500000| Untracked 
|  12|0x0000000082600000, 0x0000000082700000, 0x0000000082700000|100%| O|  |TAMS 0x0000000082600000| PB 0x0000000082600000| Untracked 
|  13|0x0000000082700000, 0x0000000082800000, 0x0000000082800000|100%| O|  |TAMS 0x0000000082700000| PB 0x0000000082700000| Untracked 
|  14|0x0000000082800000, 0x0000000082900000, 0x0000000082900000|100%| O|  |TAMS 0x0000000082800000| PB 0x0000000082800000| Untracked 
|  15|0x0000000082900000, 0x0000000082a00000, 0x0000000082a00000|100%| O|  |TAMS 0x0000000082900000| PB 0x0000000082900000| Untracked 
|  16|0x0000000082a00000, 0x0000000082b00000, 0x0000000082b00000|100%| O|  |TAMS 0x0000000082a00000| PB 0x0000000082a00000| Untracked 
|  17|0x0000000082b00000, 0x0000000082c00000, 0x0000000082c00000|100%| O|  |TAMS 0x0000000082b00000| PB 0x0000000082b00000| Untracked 
|  18|0x0000000082c00000, 0x0000000082d00000, 0x0000000082d00000|100%| O|  |TAMS 0x0000000082c00000| PB 0x0000000082c00000| Untracked 
|  19|0x0000000082d00000, 0x0000000082e00000, 0x0000000082e00000|100%| O|  |TAMS 0x0000000082d00000| PB 0x0000000082d00000| Complete 
|  20|0x0000000082e00000, 0x0000000082f00000, 0x0000000082f00000|100%| O|  |TAMS 0x0000000082e00000| PB 0x0000000082e00000| Untracked 
|  21|0x0000000082f00000, 0x0000000083000000, 0x0000000083000000|100%| O|  |TAMS 0x0000000082f00000| PB 0x0000000082f00000| Untracked 
|  22|0x0000000083000000, 0x000000008302c600, 0x0000000083100000| 17%| O|  |TAMS 0x0000000083000000| PB 0x0000000083000000| Untracked 
|  23|0x0000000083100000, 0x0000000083200000, 0x0000000083200000|100%|HS|  |TAMS 0x0000000083100000| PB 0x0000000083100000| Complete 
|  24|0x0000000083200000, 0x0000000083300000, 0x0000000083300000|100%|HC|  |TAMS 0x0000000083200000| PB 0x0000000083200000| Complete 
|  25|0x0000000083300000, 0x0000000083400000, 0x0000000083400000|100%|HC|  |TAMS 0x0000000083300000| PB 0x0000000083300000| Complete 
|  26|0x0000000083400000, 0x0000000083500000, 0x0000000083500000|100%|HC|  |TAMS 0x0000000083400000| PB 0x0000000083400000| Complete 
|  27|0x0000000083500000, 0x0000000083600000, 0x0000000083600000|100%|HC|  |TAMS 0x0000000083500000| PB 0x0000000083500000| Complete 
|  28|0x0000000083600000, 0x0000000083600000, 0x0000000083700000|  0%| F|  |TAMS 0x0000000083600000| PB 0x0000000083600000| Untracked 
|  29|0x0000000083700000, 0x0000000083700000, 0x0000000083800000|  0%| F|  |TAMS 0x0000000083700000| PB 0x0000000083700000| Untracked 
|  30|0x0000000083800000, 0x0000000083800000, 0x0000000083900000|  0%| F|  |TAMS 0x0000000083800000| PB 0x0000000083800000| Untracked 
|  31|0x0000000083900000, 0x0000000083900000, 0x0000000083a00000|  0%| F|  |TAMS 0x0000000083900000| PB 0x0000000083900000| Untracked 
|  32|0x0000000083a00000, 0x0000000083a00000, 0x0000000083b00000|  0%| F|  |TAMS 0x0000000083a00000| PB 0x0000000083a00000| Untracked 
|  33|0x0000000083b00000, 0x0000000083b00000, 0x0000000083c00000|  0%| F|  |TAMS 0x0000000083b00000| PB 0x0000000083b00000| Untracked 
|  34|0x0000000083c00000, 0x0000000083c00000, 0x0000000083d00000|  0%| F|  |TAMS 0x0000000083c00000| PB 0x0000000083c00000| Untracked 
|  35|0x0000000083d00000, 0x0000000083d26168, 0x0000000083e00000| 14%| S|CS|TAMS 0x0000000083d00000| PB 0x0000000083d00000| Complete 
|  36|0x0000000083e00000, 0x0000000083f00000, 0x0000000083f00000|100%| S|CS|TAMS 0x0000000083e00000| PB 0x0000000083e00000| Complete 
|  37|0x0000000083f00000, 0x0000000083f00000, 0x0000000084000000|  0%| F|  |TAMS 0x0000000083f00000| PB 0x0000000083f00000| Untracked 
|  38|0x0000000084000000, 0x0000000084000000, 0x0000000084100000|  0%| F|  |TAMS 0x0000000084000000| PB 0x0000000084000000| Untracked 
|  39|0x0000000084100000, 0x0000000084125e30, 0x0000000084200000| 14%| E|  |TAMS 0x0000000084100000| PB 0x0000000084100000| Complete 
|  40|0x0000000084200000, 0x0000000084300000, 0x0000000084300000|100%| E|CS|TAMS 0x0000000084200000| PB 0x0000000084200000| Complete 
|  41|0x0000000084300000, 0x0000000084400000, 0x0000000084400000|100%| E|CS|TAMS 0x0000000084300000| PB 0x0000000084300000| Complete 
|  42|0x0000000084400000, 0x0000000084500000, 0x0000000084500000|100%| E|CS|TAMS 0x0000000084400000| PB 0x0000000084400000| Complete 
|  43|0x0000000084500000, 0x0000000084600000, 0x0000000084600000|100%| E|CS|TAMS 0x0000000084500000| PB 0x0000000084500000| Complete 
|  44|0x0000000084600000, 0x0000000084700000, 0x0000000084700000|100%| E|CS|TAMS 0x0000000084600000| PB 0x0000000084600000| Complete 
|  45|0x0000000084700000, 0x0000000084800000, 0x0000000084800000|100%| E|CS|TAMS 0x0000000084700000| PB 0x0000000084700000| Complete 
|  46|0x0000000084800000, 0x0000000084900000, 0x0000000084900000|100%| E|CS|TAMS 0x0000000084800000| PB 0x0000000084800000| Complete 
|  47|0x0000000084900000, 0x0000000084a00000, 0x0000000084a00000|100%| E|CS|TAMS 0x0000000084900000| PB 0x0000000084900000| Complete 
|  48|0x0000000084a00000, 0x0000000084b00000, 0x0000000084b00000|100%| E|CS|TAMS 0x0000000084a00000| PB 0x0000000084a00000| Complete 
|  49|0x0000000084b00000, 0x0000000084c00000, 0x0000000084c00000|100%| E|CS|TAMS 0x0000000084b00000| PB 0x0000000084b00000| Complete 
|  50|0x0000000084c00000, 0x0000000084d00000, 0x0000000084d00000|100%| E|CS|TAMS 0x0000000084c00000| PB 0x0000000084c00000| Complete 
|  51|0x0000000084d00000, 0x0000000084e00000, 0x0000000084e00000|100%| E|CS|TAMS 0x0000000084d00000| PB 0x0000000084d00000| Complete 
|  52|0x0000000084e00000, 0x0000000084f00000, 0x0000000084f00000|100%| E|CS|TAMS 0x0000000084e00000| PB 0x0000000084e00000| Complete 
| 117|0x0000000088f00000, 0x0000000089000000, 0x0000000089000000|100%| E|CS|TAMS 0x0000000088f00000| PB 0x0000000088f00000| Complete 
| 118|0x0000000089000000, 0x0000000089100000, 0x0000000089100000|100%| E|CS|TAMS 0x0000000089000000| PB 0x0000000089000000| Complete 
| 119|0x0000000089100000, 0x0000000089200000, 0x0000000089200000|100%| E|CS|TAMS 0x0000000089100000| PB 0x0000000089100000| Complete 
| 127|0x0000000089900000, 0x0000000089a00000, 0x0000000089a00000|100%| E|CS|TAMS 0x0000000089900000| PB 0x0000000089900000| Complete 

Card table byte_map: [0x000001f175740000,0x000001f175b40000] _byte_map_base: 0x000001f175333000

Marking Bits: (CMBitMap*) 0x000001f171a2dbb0
 Bits: [0x000001f175f40000, 0x000001f177ed8000)

Polling page: 0x000001f16f9b0000

Metaspace:

Usage:
  Non-class:     35.73 MB used.
      Class:      4.61 MB used.
       Both:     40.34 MB used.

Virtual space:
  Non-class space:       64.00 MB reserved,      35.94 MB ( 56%) committed,  1 nodes.
      Class space:        1.00 GB reserved,       4.81 MB ( <1%) committed,  1 nodes.
             Both:        1.06 GB reserved,      40.75 MB (  4%) committed. 

Chunk freelists:
   Non-Class:  3.81 MB
       Class:  3.08 MB
        Both:  6.89 MB

MaxMetaspaceSize: unlimited
CompressedClassSpaceSize: 1.00 GB
Initial GC threshold: 21.00 MB
Current GC threshold: 59.31 MB
CDS: off
MetaspaceReclaimPolicy: balanced
 - commit_granule_bytes: 65536.
 - commit_granule_words: 8192.
 - virtual_space_node_default_size: 8388608.
 - enlarge_chunks_in_place: 1.
 - new_chunks_are_fully_committed: 0.
 - uncommit_free_chunks: 1.
 - use_allocation_guard: 0.


Internal statistics:

num_allocs_failed_limit: 9.
num_arena_births: 478.
num_arena_deaths: 0.
num_vsnodes_births: 2.
num_vsnodes_deaths: 0.
num_space_committed: 652.
num_space_uncommitted: 0.
num_chunks_returned_to_freelist: 9.
num_chunks_taken_from_freelist: 1409.
num_chunk_merges: 3.
num_chunk_splits: 952.
num_chunks_enlarged: 698.
num_inconsistent_stats: 0.

CodeHeap 'non-profiled nmethods': size=120000Kb used=1525Kb max_used=1525Kb free=118474Kb
 bounds [0x000001f107ad0000, 0x000001f107d40000, 0x000001f10f000000]
CodeHeap 'profiled nmethods': size=120000Kb used=6299Kb max_used=6603Kb free=113700Kb
 bounds [0x000001f100000000, 0x000001f100680000, 0x000001f107530000]
CodeHeap 'non-nmethods': size=5760Kb used=1659Kb max_used=1705Kb free=4100Kb
 bounds [0x000001f107530000, 0x000001f1077a0000, 0x000001f107ad0000]
 total_blobs=3919 nmethods=3267 adapters=561
 compilation: enabled
              stopped_count=0, restarted_count=0
 full_count=0

Compilation events (20 events):
Event: 5.916 Thread 0x000001f17e8be010 nmethod 3471 0x000001f107af2190 code [0x000001f107af2300, 0x000001f107af2528]
Event: 5.916 Thread 0x000001f17e8be010 3472       4       jdk.internal.misc.InternalLock::unlock (8 bytes)
Event: 5.919 Thread 0x000001f17e8be010 nmethod 3472 0x000001f107af1c90 code [0x000001f107af1e20, 0x000001f107af2000]
Event: 6.296 Thread 0x000001f17e8647d0 3476  s    3       org.openqa.selenium.io.CircularOutputStream::write (87 bytes)
Event: 6.296 Thread 0x000001f17e8647d0 nmethod 3476 0x000001f100061b90 code [0x000001f100061d20, 0x000001f100062040]
Event: 6.296 Thread 0x000001f17e8647d0 3477   !   3       java.io.PrintStream::write (81 bytes)
Event: 6.298 Thread 0x000001f17e8647d0 nmethod 3477 0x000001f10006ad10 code [0x000001f10006b040, 0x000001f10006c4c0]
Event: 6.298 Thread 0x000001f17e8647d0 3478       3       java.io.PrintStream::implWrite (33 bytes)
Event: 6.298 Thread 0x000001f17e8647d0 nmethod 3478 0x000001f100063a90 code [0x000001f100063c60, 0x000001f1000640c0]
Event: 6.298 Thread 0x000001f17e8647d0 3479   !   3       java.io.BufferedOutputStream::write (62 bytes)
Event: 6.299 Thread 0x000001f17e8647d0 nmethod 3479 0x000001f100143a90 code [0x000001f100143d00, 0x000001f1001448f0]
Event: 6.299 Thread 0x000001f17e8647d0 3480       3       java.io.BufferedOutputStream::implWrite (40 bytes)
Event: 6.300 Thread 0x000001f17e8647d0 nmethod 3480 0x000001f100063410 code [0x000001f1000635c0, 0x000001f100063900]
Event: 9.262 Thread 0x000001f17e8647d0 3482       1       jdk.internal.event.ThreadSleepEvent::isEnabled (2 bytes)
Event: 9.262 Thread 0x000001f17e8647d0 nmethod 3482 0x000001f107af1110 code [0x000001f107af1280, 0x000001f107af1348]
Event: 9.713 Thread 0x000001f17e8647d0 3483       1       io.netty.util.HashedWheelTimer::access$200 (5 bytes)
Event: 9.713 Thread 0x000001f17e8647d0 nmethod 3483 0x000001f107b49f90 code [0x000001f107b4a100, 0x000001f107b4a1b8]
Event: 10.013 Thread 0x000001f17e8647d0 3484       1       io.netty.util.internal.shaded.org.jctools.queues.BaseMpscLinkedArrayQueueProducerFields::lvProducerIndex (5 bytes)
Event: 10.013 Thread 0x000001f17e8647d0 nmethod 3484 0x000001f107b49c90 code [0x000001f107b49e00, 0x000001f107b49ed0]
Event: 10.568 Thread 0x000001f17e8be010 3485       4       org.openqa.selenium.io.MultiOutputStream::write (24 bytes)

GC Heap History (16 events):
Event: 0.840 GC heap before
{Heap before GC invocations=0 (full 0):
 garbage-first heap   total 131072K, used 12288K [0x0000000081a00000, 0x0000000100000000)
  region size 1024K, 13 young (13312K), 0 survivors (0K)
 Metaspace       used 7818K, committed 7936K, reserved 1114112K
  class space    used 651K, committed 704K, reserved 1048576K
}
Event: 0.847 GC heap after
{Heap after GC invocations=1 (full 0):
 garbage-first heap   total 131072K, used 7701K [0x0000000081a00000, 0x0000000100000000)
  region size 1024K, 2 young (2048K), 2 survivors (2048K)
 Metaspace       used 7818K, committed 7936K, reserved 1114112K
  class space    used 651K, committed 704K, reserved 1048576K
}
Event: 1.343 GC heap before
{Heap before GC invocations=1 (full 0):
 garbage-first heap   total 131072K, used 16917K [0x0000000081a00000, 0x0000000100000000)
  region size 1024K, 10 young (10240K), 2 survivors (2048K)
 Metaspace       used 12845K, committed 13056K, reserved 1114112K
  class space    used 1184K, committed 1280K, reserved 1048576K
}
Event: 1.346 GC heap after
{Heap after GC invocations=2 (full 0):
 garbage-first heap   total 131072K, used 9873K [0x0000000081a00000, 0x0000000100000000)
  region size 1024K, 2 young (2048K), 2 survivors (2048K)
 Metaspace       used 12845K, committed 13056K, reserved 1114112K
  class space    used 1184K, committed 1280K, reserved 1048576K
}
Event: 1.968 GC heap before
{Heap before GC invocations=2 (full 0):
 garbage-first heap   total 131072K, used 26257K [0x0000000081a00000, 0x0000000100000000)
  region size 1024K, 19 young (19456K), 2 survivors (2048K)
 Metaspace       used 18205K, committed 18496K, reserved 1114112K
  class space    used 1836K, committed 1984K, reserved 1048576K
}
Event: 1.974 GC heap after
{Heap after GC invocations=3 (full 0):
 garbage-first heap   total 131072K, used 11917K [0x0000000081a00000, 0x0000000100000000)
  region size 1024K, 2 young (2048K), 2 survivors (2048K)
 Metaspace       used 18205K, committed 18496K, reserved 1114112K
  class space    used 1836K, committed 1984K, reserved 1048576K
}
Event: 2.249 GC heap before
{Heap before GC invocations=3 (full 0):
 garbage-first heap   total 131072K, used 18061K [0x0000000081a00000, 0x0000000100000000)
  region size 1024K, 10 young (10240K), 2 survivors (2048K)
 Metaspace       used 21227K, committed 21504K, reserved 1114112K
  class space    used 2169K, committed 2304K, reserved 1048576K
}
Event: 2.253 GC heap after
{Heap after GC invocations=4 (full 0):
 garbage-first heap   total 131072K, used 12600K [0x0000000081a00000, 0x0000000100000000)
  region size 1024K, 3 young (3072K), 3 survivors (3072K)
 Metaspace       used 21227K, committed 21504K, reserved 1114112K
  class space    used 2169K, committed 2304K, reserved 1048576K
}
Event: 3.319 GC heap before
{Heap before GC invocations=5 (full 0):
 garbage-first heap   total 48128K, used 38200K [0x0000000081a00000, 0x0000000100000000)
  region size 1024K, 28 young (28672K), 3 survivors (3072K)
 Metaspace       used 26429K, committed 26752K, reserved 1114112K
  class space    used 2875K, committed 3008K, reserved 1048576K
}
Event: 3.331 GC heap after
{Heap after GC invocations=6 (full 0):
 garbage-first heap   total 48128K, used 15626K [0x0000000081a00000, 0x0000000100000000)
  region size 1024K, 4 young (4096K), 4 survivors (4096K)
 Metaspace       used 26429K, committed 26752K, reserved 1114112K
  class space    used 2875K, committed 3008K, reserved 1048576K
}
Event: 3.978 GC heap before
{Heap before GC invocations=6 (full 0):
 garbage-first heap   total 48128K, used 33034K [0x0000000081a00000, 0x0000000100000000)
  region size 1024K, 22 young (22528K), 4 survivors (4096K)
 Metaspace       used 30467K, committed 30848K, reserved 1114112K
  class space    used 3316K, committed 3520K, reserved 1048576K
}
Event: 3.990 GC heap after
{Heap after GC invocations=7 (full 0):
 garbage-first heap   total 48128K, used 18461K [0x0000000081a00000, 0x0000000100000000)
  region size 1024K, 3 young (3072K), 3 survivors (3072K)
 Metaspace       used 30467K, committed 30848K, reserved 1114112K
  class space    used 3316K, committed 3520K, reserved 1048576K
}
Event: 4.358 GC heap before
{Heap before GC invocations=7 (full 0):
 garbage-first heap   total 48128K, used 35869K [0x0000000081a00000, 0x0000000100000000)
  region size 1024K, 20 young (20480K), 3 survivors (3072K)
 Metaspace       used 31666K, committed 32064K, reserved 1114112K
  class space    used 3451K, committed 3648K, reserved 1048576K
}
Event: 4.372 GC heap after
{Heap after GC invocations=8 (full 0):
 garbage-first heap   total 48128K, used 22373K [0x0000000081a00000, 0x0000000100000000)
  region size 1024K, 3 young (3072K), 3 survivors (3072K)
 Metaspace       used 31666K, committed 32064K, reserved 1114112K
  class space    used 3451K, committed 3648K, reserved 1048576K
}
Event: 4.859 GC heap before
{Heap before GC invocations=8 (full 0):
 garbage-first heap   total 48128K, used 31589K [0x0000000081a00000, 0x0000000100000000)
  region size 1024K, 13 young (13312K), 3 survivors (3072K)
 Metaspace       used 35635K, committed 35968K, reserved 1114112K
  class space    used 3950K, committed 4096K, reserved 1048576K
}
Event: 4.865 GC heap after
{Heap after GC invocations=9 (full 0):
 garbage-first heap   total 58368K, used 23802K [0x0000000081a00000, 0x0000000100000000)
  region size 1024K, 2 young (2048K), 2 survivors (2048K)
 Metaspace       used 35635K, committed 35968K, reserved 1114112K
  class space    used 3950K, committed 4096K, reserved 1048576K
}

Dll operation events (11 events):
Event: 0.014 Loaded shared library C:\Users\nqe00505\.p2\pool\plugins\org.eclipse.justj.openjdk.hotspot.jre.full.win32.x86_64_20.0.1.v20230425-1611\jre\bin\java.dll
Event: 0.025 Loaded shared library C:\Users\nqe00505\.p2\pool\plugins\org.eclipse.justj.openjdk.hotspot.jre.full.win32.x86_64_20.0.1.v20230425-1611\jre\bin\zip.dll
Event: 0.399 Loaded shared library C:\Users\nqe00505\.p2\pool\plugins\org.eclipse.justj.openjdk.hotspot.jre.full.win32.x86_64_20.0.1.v20230425-1611\jre\bin\net.dll
Event: 0.403 Loaded shared library C:\Users\nqe00505\.p2\pool\plugins\org.eclipse.justj.openjdk.hotspot.jre.full.win32.x86_64_20.0.1.v20230425-1611\jre\bin\nio.dll
Event: 0.418 Loaded shared library C:\Users\nqe00505\.p2\pool\plugins\org.eclipse.justj.openjdk.hotspot.jre.full.win32.x86_64_20.0.1.v20230425-1611\jre\bin\zip.dll
Event: 0.634 Loaded shared library C:\Users\nqe00505\.p2\pool\plugins\org.eclipse.justj.openjdk.hotspot.jre.full.win32.x86_64_20.0.1.v20230425-1611\jre\bin\jimage.dll
Event: 0.886 Loaded shared library C:\Users\nqe00505\.p2\pool\plugins\org.eclipse.justj.openjdk.hotspot.jre.full.win32.x86_64_20.0.1.v20230425-1611\jre\bin\verify.dll
Event: 1.052 Loaded shared library C:\Users\nqe00505\.p2\pool\plugins\org.eclipse.justj.openjdk.hotspot.jre.full.win32.x86_64_20.0.1.v20230425-1611\jre\bin\extnet.dll
Event: 4.659 Loaded shared library C:\Users\nqe00505\.p2\pool\plugins\org.eclipse.justj.openjdk.hotspot.jre.full.win32.x86_64_20.0.1.v20230425-1611\jre\bin\management.dll
Event: 4.665 Loaded shared library C:\Users\nqe00505\.p2\pool\plugins\org.eclipse.justj.openjdk.hotspot.jre.full.win32.x86_64_20.0.1.v20230425-1611\jre\bin\management_ext.dll
Event: 4.797 Loaded shared library C:\Users\nqe00505\.p2\pool\plugins\org.eclipse.justj.openjdk.hotspot.jre.full.win32.x86_64_20.0.1.v20230425-1611\jre\bin\sunmscapi.dll

Deoptimization events (20 events):
Event: 5.717 Thread 0x000001f110381060 Uncommon trap: trap_request=0xffffff45 fr.pc=0x000001f107b18e20 relative=0x0000000000000180
Event: 5.717 Thread 0x000001f110381060 Uncommon trap: reason=unstable_if action=reinterpret pc=0x000001f107b18e20 method=java.lang.invoke.VarHandle.checkAccessModeThenIsDirect(Ljava/lang/invoke/VarHandle$AccessDescriptor;)Z @ 4 c2
Event: 5.718 Thread 0x000001f110381060 DEOPT PACKING pc=0x000001f107b18e20 sp=0x00000090ca3fe8a0
Event: 5.718 Thread 0x000001f110381060 DEOPT UNPACKING pc=0x000001f107599d22 sp=0x00000090ca3fe7d8 mode 2
Event: 5.739 Thread 0x000001f110381060 Uncommon trap: trap_request=0xffffff45 fr.pc=0x000001f107bafae8 relative=0x00000000000000e8
Event: 5.739 Thread 0x000001f110381060 Uncommon trap: reason=unstable_if action=reinterpret pc=0x000001f107bafae8 method=java.lang.CharacterData.of(I)Ljava/lang/CharacterData; @ 15 c2
Event: 5.739 Thread 0x000001f110381060 DEOPT PACKING pc=0x000001f107bafae8 sp=0x00000090ca3fd880
Event: 5.739 Thread 0x000001f110381060 DEOPT UNPACKING pc=0x000001f107599d22 sp=0x00000090ca3fd7c0 mode 2
Event: 5.740 Thread 0x000001f110381060 Uncommon trap: trap_request=0xffffff45 fr.pc=0x000001f107b7c3e4 relative=0x0000000000000064
Event: 5.740 Thread 0x000001f110381060 Uncommon trap: reason=unstable_if action=reinterpret pc=0x000001f107b7c3e4 method=java.lang.CharacterData.of(I)Ljava/lang/CharacterData; @ 15 c2
Event: 5.740 Thread 0x000001f110381060 DEOPT PACKING pc=0x000001f107b7c3e4 sp=0x00000090ca3fd830
Event: 5.740 Thread 0x000001f110381060 DEOPT UNPACKING pc=0x000001f107599d22 sp=0x00000090ca3fd7c0 mode 2
Event: 5.788 Thread 0x000001f110381060 Uncommon trap: trap_request=0xffffffde fr.pc=0x000001f107c29da4 relative=0x00000000000003e4
Event: 5.788 Thread 0x000001f110381060 Uncommon trap: reason=class_check action=maybe_recompile pc=0x000001f107c29da4 method=java.util.Collections$SetFromMap.remove(Ljava/lang/Object;)Z @ 5 c2
Event: 5.788 Thread 0x000001f110381060 DEOPT PACKING pc=0x000001f107c29da4 sp=0x00000090ca3fe500
Event: 5.788 Thread 0x000001f110381060 DEOPT UNPACKING pc=0x000001f107599d22 sp=0x00000090ca3fe4f8 mode 2
Event: 5.788 Thread 0x000001f110381060 Uncommon trap: trap_request=0xffffffde fr.pc=0x000001f107c29da4 relative=0x00000000000003e4
Event: 5.788 Thread 0x000001f110381060 Uncommon trap: reason=class_check action=maybe_recompile pc=0x000001f107c29da4 method=java.util.Collections$SetFromMap.remove(Ljava/lang/Object;)Z @ 5 c2
Event: 5.788 Thread 0x000001f110381060 DEOPT PACKING pc=0x000001f107c29da4 sp=0x00000090ca3fe740
Event: 5.788 Thread 0x000001f110381060 DEOPT UNPACKING pc=0x000001f107599d22 sp=0x00000090ca3fe738 mode 2

Classes loaded (20 events):
Event: 5.740 Loading class java/lang/CharacterDataUndefined
Event: 5.740 Loading class java/lang/CharacterDataUndefined done
Event: 5.789 Loading class java/nio/channels/UnsupportedAddressTypeException
Event: 5.789 Loading class java/nio/channels/UnsupportedAddressTypeException done
Event: 5.795 Loading class java/nio/channels/spi/AbstractSelector$1
Event: 5.796 Loading class java/nio/channels/spi/AbstractSelector$1 done
Event: 5.806 Loading class java/io/PushbackInputStream
Event: 5.806 Loading class java/io/PushbackInputStream done
Event: 5.888 Loading class java/nio/charset/IllegalCharsetNameException
Event: 5.889 Loading class java/nio/charset/IllegalCharsetNameException done
Event: 5.889 Loading class java/nio/charset/UnsupportedCharsetException
Event: 5.889 Loading class java/nio/charset/UnsupportedCharsetException done
Event: 5.896 Loading class sun/nio/ch/IOVecWrapper
Event: 5.896 Loading class sun/nio/ch/IOVecWrapper done
Event: 5.896 Loading class sun/nio/ch/AllocatedNativeObject
Event: 5.897 Loading class sun/nio/ch/NativeObject
Event: 5.897 Loading class sun/nio/ch/NativeObject done
Event: 5.897 Loading class sun/nio/ch/AllocatedNativeObject done
Event: 5.897 Loading class sun/nio/ch/IOVecWrapper$Deallocator
Event: 5.897 Loading class sun/nio/ch/IOVecWrapper$Deallocator done

Classes unloaded (0 events):
No events

Classes redefined (0 events):
No events

Internal exceptions (20 events):
Event: 4.479 Thread 0x000001f1719cf3f0 Exception <a 'java/lang/NoClassDefFoundError'{0x0000000089065258}> (0x0000000089065258) 
thrown [s\src\hotspot\share\oops\instanceKlass.cpp, line 1160]
Event: 4.543 Thread 0x000001f1719cf3f0 Exception <a 'java/lang/IncompatibleClassChangeError'{0x0000000088f8d790}: Found class java.lang.Object, but interface was expected> (0x0000000088f8d790) 
thrown [s\src\hotspot\share\interpreter\linkResolver.cpp, line 840]
Event: 5.141 Thread 0x000001f1719cf3f0 Exception <a 'java/lang/IncompatibleClassChangeError'{0x0000000084d8d718}: Found class java.lang.Object, but interface was expected> (0x0000000084d8d718) 
thrown [s\src\hotspot\share\interpreter\linkResolver.cpp, line 840]
Event: 5.176 Thread 0x000001f17e950950 Exception <a 'java/lang/NoSuchMethodError'{0x0000000084c5f1d8}: 'void java.lang.invoke.DirectMethodHandle$Holder.invokeStatic(java.lang.Object, long)'> (0x0000000084c5f1d8) 
thrown [s\src\hotspot\share\interpreter\linkResolver.cpp, line 773]
Event: 5.177 Thread 0x000001f17e950950 Exception <a 'java/lang/NoSuchMethodError'{0x0000000084c64110}: 'java.lang.Object java.lang.invoke.DirectMethodHandle$Holder.newInvokeSpecial(java.lang.Object, long)'> (0x0000000084c64110) 
thrown [s\src\hotspot\share\interpreter\linkResolver.cpp, line 773]
Event: 5.179 Thread 0x000001f17e950950 Exception <a 'java/lang/NoSuchMethodError'{0x0000000084c6ad50}: 'java.lang.Object java.lang.invoke.DirectMethodHandle$Holder.invokeStatic(java.lang.Object, long, java.lang.Object)'> (0x0000000084c6ad50) 
thrown [s\src\hotspot\share\interpreter\linkResolver.cpp, line 773]
Event: 5.180 Thread 0x000001f17e950950 Exception <a 'java/lang/NoSuchMethodError'{0x0000000084c6e0f8}: 'java.lang.Object java.lang.invoke.DirectMethodHandle$Holder.invokeStaticInit(java.lang.Object, long, java.lang.Object)'> (0x0000000084c6e0f8) 
thrown [s\src\hotspot\share\interpreter\linkResolver.cpp, line 773]
Event: 5.227 Thread 0x000001f110388a90 Exception <a 'java/net/ConnectException'{0x0000000084cbbe38}: Connection refused: no further information> (0x0000000084cbbe38) 
thrown [s\src\hotspot\share\prims\jni.cpp, line 538]
Event: 5.228 Thread 0x000001f110388a90 Exception <a 'java/net/ConnectException'{0x0000000084cbc760}: Connection refused: no further information> (0x0000000084cbc760) 
thrown [s\src\hotspot\share\prims\jni.cpp, line 538]
Event: 5.228 Thread 0x000001f110388a90 Exception <a 'java/net/ConnectException'{0x0000000084cbcfc8}: Connection refused: no further information> (0x0000000084cbcfc8) 
thrown [s\src\hotspot\share\prims\jni.cpp, line 538]
Event: 5.229 Thread 0x000001f110388a90 Exception <a 'java/net/ConnectException'{0x0000000084cbd830}: Connection refused: no further information> (0x0000000084cbd830) 
thrown [s\src\hotspot\share\prims\jni.cpp, line 538]
Event: 5.229 Thread 0x000001f110388a90 Exception <a 'java/net/ConnectException'{0x0000000084cbe098}: Connection refused: no further information> (0x0000000084cbe098) 
thrown [s\src\hotspot\share\prims\jni.cpp, line 538]
Event: 5.229 Thread 0x000001f110388a90 Exception <a 'java/net/ConnectException'{0x0000000084cbe900}: Connection refused: no further information> (0x0000000084cbe900) 
thrown [s\src\hotspot\share\prims\jni.cpp, line 538]
Event: 5.247 Thread 0x000001f1719cf3f0 Exception <a 'java/lang/NoSuchMethodError'{0x0000000084b131f8}: 'double java.lang.invoke.DirectMethodHandle$Holder.invokeVirtual(java.lang.Object, java.lang.Object)'> (0x0000000084b131f8) 
thrown [s\src\hotspot\share\interpreter\linkResolver.cpp, line 773]
Event: 5.248 Thread 0x000001f1719cf3f0 Exception <a 'java/lang/NoSuchMethodError'{0x0000000084b19890}: 'float java.lang.invoke.DirectMethodHandle$Holder.invokeVirtual(java.lang.Object, java.lang.Object)'> (0x0000000084b19890) 
thrown [s\src\hotspot\share\interpreter\linkResolver.cpp, line 773]
Event: 5.249 Thread 0x000001f1719cf3f0 Exception <a 'java/lang/NoSuchMethodError'{0x0000000084b22950}: 'long java.lang.invoke.DirectMethodHandle$Holder.invokeVirtual(java.lang.Object, java.lang.Object)'> (0x0000000084b22950) 
thrown [s\src\hotspot\share\interpreter\linkResolver.cpp, line 773]
Event: 5.320 Thread 0x000001f1719cf3f0 Exception <a 'java/lang/NoSuchMethodError'{0x0000000084a546d8}: 'void java.lang.invoke.DirectMethodHandle$Holder.invokeStatic(java.lang.Object, java.lang.Object, int)'> (0x0000000084a546d8) 
thrown [s\src\hotspot\share\interpreter\linkResolver.cpp, line 773]
Event: 5.406 Thread 0x000001f1719cf3f0 Exception <a 'java/lang/NoSuchMethodError'{0x0000000084855c08}: 'int java.lang.invoke.DirectMethodHandle$Holder.invokeSpecialIFC(java.lang.Object, java.lang.Object, java.lang.Object)'> (0x0000000084855c08) 
thrown [s\src\hotspot\share\interpreter\linkResolver.cpp, line 773]
Event: 5.513 Thread 0x000001f1719cf3f0 Exception <a 'java/lang/NoSuchMethodError'{0x00000000846c0d28}: 'void java.lang.invoke.DirectMethodHandle$Holder.invokeSpecial(java.lang.Object, java.lang.Object, java.lang.Object, java.lang.Object, java.lang.Object, java.lang.Object)'> (0x00000000846c0d28) 
thrown [s\src\hotspot\share\interpreter\linkResolver.cpp, line 773]
Event: 5.539 Thread 0x000001f1719cf3f0 Exception <a 'java/lang/NoSuchMethodError'{0x0000000084548930}: 'long java.lang.invoke.DirectMethodHandle$Holder.invokeInterface(java.lang.Object, java.lang.Object)'> (0x0000000084548930) 
thrown [s\src\hotspot\share\interpreter\linkResolver.cpp, line 773]

VM Operations (20 events):
Event: 3.978 Executing VM operation: G1CollectForAllocation
Event: 3.990 Executing VM operation: G1CollectForAllocation done
Event: 4.358 Executing VM operation: G1CollectForAllocation
Event: 4.372 Executing VM operation: G1CollectForAllocation done
Event: 4.855 Executing VM operation: HandshakeAllThreads
Event: 4.855 Executing VM operation: HandshakeAllThreads done
Event: 4.859 Executing VM operation: CollectForMetadataAllocation
Event: 4.866 Executing VM operation: CollectForMetadataAllocation done
Event: 4.908 Executing VM operation: CollectForMetadataAllocation
Event: 4.909 Executing VM operation: CollectForMetadataAllocation done
Event: 4.922 Executing VM operation: G1PauseRemark
Event: 4.926 Executing VM operation: G1PauseRemark done
Event: 4.945 Executing VM operation: G1PauseCleanup
Event: 4.946 Executing VM operation: G1PauseCleanup done
Event: 5.958 Executing VM operation: Cleanup
Event: 5.958 Executing VM operation: Cleanup done
Event: 6.963 Executing VM operation: Cleanup
Event: 6.963 Executing VM operation: Cleanup done
Event: 8.983 Executing VM operation: Cleanup
Event: 8.983 Executing VM operation: Cleanup done

Events (20 events):
Event: 4.926 Thread 0x000001f17a403620 flushing nmethod 0x000001f107b39b90
Event: 4.926 Thread 0x000001f17a403620 flushing nmethod 0x000001f107b30010
Event: 4.926 Thread 0x000001f17a403620 flushing nmethod 0x000001f107b18810
Event: 4.926 Thread 0x000001f17a403620 flushing nmethod 0x000001f107b13b90
Event: 4.926 Thread 0x000001f17a403620 flushing nmethod 0x000001f107b05f10
Event: 4.926 Thread 0x000001f17a403620 flushing nmethod 0x000001f107af1d90
Event: 4.926 Thread 0x000001f17a403620 flushing nmethod 0x000001f107af1410
Event: 4.926 Thread 0x000001f17a403620 flushing nmethod 0x000001f107af1110
Event: 4.926 Thread 0x000001f17a403620 flushing nmethod 0x000001f107ae7e10
Event: 4.926 Thread 0x000001f17a403620 flushing nmethod 0x000001f107ad6c90
Event: 4.926 Thread 0x000001f17a403620 flushing nmethod 0x000001f107ad5f90
Event: 4.926 Thread 0x000001f17a403620 flushing nmethod 0x000001f107ad1410
Event: 4.926 Thread 0x000001f17a403620 flushing nmethod 0x000001f107ad0410
Event: 5.168 Thread 0x000001f17e950950 Thread added: 0x000001f17e950950
Event: 5.183 Thread 0x000001f110384ad0 Thread added: 0x000001f110384ad0
Event: 5.183 Thread 0x000001f110388540 Thread added: 0x000001f110388540
Event: 5.226 Thread 0x000001f110388a90 Thread added: 0x000001f110388a90
Event: 5.227 Thread 0x000001f110387000 Thread added: 0x000001f110387000
Event: 5.234 Thread 0x000001f17f3f95a0 Thread exited: 0x000001f17f3f95a0
Event: 5.709 Thread 0x000001f110381060 Thread added: 0x000001f110381060


Dynamic libraries:
0x00007ff6b19e0000 - 0x00007ff6b19ee000 	C:\Users\nqe00505\.p2\pool\plugins\org.eclipse.justj.openjdk.hotspot.jre.full.win32.x86_64_20.0.1.v20230425-1611\jre\bin\javaw.exe
0x00007ff9754f0000 - 0x00007ff9756e8000 	C:\Windows\SYSTEM32\ntdll.dll
0x00007ff973600000 - 0x00007ff9736bd000 	C:\Windows\System32\KERNEL32.DLL
0x00007ff972e60000 - 0x00007ff973156000 	C:\Windows\System32\KERNELBASE.dll
0x00007ff972bb0000 - 0x00007ff972cb0000 	C:\Windows\System32\ucrtbase.dll
0x00007ff969f50000 - 0x00007ff969f67000 	C:\Users\nqe00505\.p2\pool\plugins\org.eclipse.justj.openjdk.hotspot.jre.full.win32.x86_64_20.0.1.v20230425-1611\jre\bin\jli.dll
0x00007ff973bb0000 - 0x00007ff973d4e000 	C:\Windows\System32\USER32.dll
0x00007ff973450000 - 0x00007ff973472000 	C:\Windows\System32\win32u.dll
0x00007ff973820000 - 0x00007ff97384b000 	C:\Windows\System32\GDI32.dll
0x00007ff9731d0000 - 0x00007ff9732e7000 	C:\Windows\System32\gdi32full.dll
0x00007ff9733b0000 - 0x00007ff97344d000 	C:\Windows\System32\msvcp_win.dll
0x00007ff961ed0000 - 0x00007ff961eeb000 	C:\Users\nqe00505\.p2\pool\plugins\org.eclipse.justj.openjdk.hotspot.jre.full.win32.x86_64_20.0.1.v20230425-1611\jre\bin\VCRUNTIME140.dll
0x00007ff95ff30000 - 0x00007ff9601ca000 	C:\Windows\WinSxS\amd64_microsoft.windows.common-controls_6595b64144ccf1df_6.0.19041.3636_none_60b6a03d71f818d5\COMCTL32.dll
0x00007ff975410000 - 0x00007ff9754ae000 	C:\Windows\System32\msvcrt.dll
0x00007ff974a40000 - 0x00007ff974a72000 	C:\Windows\System32\IMM32.DLL
0x00007ff96c9f0000 - 0x00007ff96c9fc000 	C:\Users\nqe00505\.p2\pool\plugins\org.eclipse.justj.openjdk.hotspot.jre.full.win32.x86_64_20.0.1.v20230425-1611\jre\bin\vcruntime140_1.dll
0x00007ff960b90000 - 0x00007ff960c1d000 	C:\Users\nqe00505\.p2\pool\plugins\org.eclipse.justj.openjdk.hotspot.jre.full.win32.x86_64_20.0.1.v20230425-1611\jre\bin\msvcp140.dll
0x00007ff8f86e0000 - 0x00007ff8f93ee000 	C:\Users\nqe00505\.p2\pool\plugins\org.eclipse.justj.openjdk.hotspot.jre.full.win32.x86_64_20.0.1.v20230425-1611\jre\bin\server\jvm.dll
0x00007ff974980000 - 0x00007ff974a33000 	C:\Windows\System32\ADVAPI32.dll
0x00007ff9736d0000 - 0x00007ff97376f000 	C:\Windows\System32\sechost.dll
0x00007ff973a80000 - 0x00007ff973ba6000 	C:\Windows\System32\RPCRT4.dll
0x00007ff973380000 - 0x00007ff9733a7000 	C:\Windows\System32\bcrypt.dll
0x00007ff95c660000 - 0x00007ff95c669000 	C:\Windows\SYSTEM32\WSOCK32.dll
0x00007ff973530000 - 0x00007ff97359b000 	C:\Windows\System32\WS2_32.dll
0x00007ff95fcd0000 - 0x00007ff95fcf7000 	C:\Windows\SYSTEM32\WINMM.dll
0x00007ff96fcf0000 - 0x00007ff96fcfa000 	C:\Windows\SYSTEM32\VERSION.dll
0x00007ff971340000 - 0x00007ff971352000 	C:\Windows\SYSTEM32\kernel.appcore.dll
0x00007ff96fa00000 - 0x00007ff96fa0a000 	C:\Users\nqe00505\.p2\pool\plugins\org.eclipse.justj.openjdk.hotspot.jre.full.win32.x86_64_20.0.1.v20230425-1611\jre\bin\jimage.dll
0x00007ff9704f0000 - 0x00007ff9706d4000 	C:\Windows\SYSTEM32\DBGHELP.DLL
0x00007ff94dee0000 - 0x00007ff94df14000 	C:\Windows\SYSTEM32\dbgcore.DLL
0x00007ff9732f0000 - 0x00007ff973372000 	C:\Windows\System32\bcryptPrimitives.dll
0x00007ff93ff80000 - 0x00007ff93ffa6000 	C:\Users\nqe00505\.p2\pool\plugins\org.eclipse.justj.openjdk.hotspot.jre.full.win32.x86_64_20.0.1.v20230425-1611\jre\bin\java.dll
0x00007ff95fac0000 - 0x00007ff95fad8000 	C:\Users\nqe00505\.p2\pool\plugins\org.eclipse.justj.openjdk.hotspot.jre.full.win32.x86_64_20.0.1.v20230425-1611\jre\bin\zip.dll
0x00007ff974a80000 - 0x00007ff9751c5000 	C:\Windows\System32\SHELL32.dll
0x00007ff970990000 - 0x00007ff97112c000 	C:\Windows\SYSTEM32\windows.storage.dll
0x00007ff974030000 - 0x00007ff974384000 	C:\Windows\System32\combase.dll
0x00007ff972510000 - 0x00007ff97253e000 	C:\Windows\SYSTEM32\Wldp.dll
0x00007ff9751d0000 - 0x00007ff97529d000 	C:\Windows\System32\OLEAUT32.dll
0x00007ff973f50000 - 0x00007ff973ffd000 	C:\Windows\System32\SHCORE.dll
0x00007ff974920000 - 0x00007ff974975000 	C:\Windows\System32\shlwapi.dll
0x00007ff972ae0000 - 0x00007ff972b05000 	C:\Windows\SYSTEM32\profapi.dll
0x00007ff954cc0000 - 0x00007ff954cd3000 	C:\Users\nqe00505\.p2\pool\plugins\org.eclipse.justj.openjdk.hotspot.jre.full.win32.x86_64_20.0.1.v20230425-1611\jre\bin\net.dll
0x00007ff96fbe0000 - 0x00007ff96fcea000 	C:\Windows\SYSTEM32\WINHTTP.dll
0x00007ff972270000 - 0x00007ff9722da000 	C:\Windows\system32\mswsock.dll
0x00007ff945a00000 - 0x00007ff945a16000 	C:\Users\nqe00505\.p2\pool\plugins\org.eclipse.justj.openjdk.hotspot.jre.full.win32.x86_64_20.0.1.v20230425-1611\jre\bin\nio.dll
0x00007ff96a810000 - 0x00007ff96a820000 	C:\Users\nqe00505\.p2\pool\plugins\org.eclipse.justj.openjdk.hotspot.jre.full.win32.x86_64_20.0.1.v20230425-1611\jre\bin\verify.dll
0x00007ff971fa0000 - 0x00007ff97206b000 	C:\Windows\SYSTEM32\DNSAPI.dll
0x00007ff971f60000 - 0x00007ff971f9b000 	C:\Windows\SYSTEM32\IPHLPAPI.DLL
0x00007ff973d50000 - 0x00007ff973d58000 	C:\Windows\System32\NSI.dll
0x00007ff96aae0000 - 0x00007ff96aaea000 	C:\Windows\System32\rasadhlp.dll
0x00007ff96cd40000 - 0x00007ff96cdc0000 	C:\Windows\System32\fwpuclnt.dll
0x00007ff96a2a0000 - 0x00007ff96a2a7000 	C:\Users\nqe00505\.p2\pool\plugins\org.eclipse.justj.openjdk.hotspot.jre.full.win32.x86_64_20.0.1.v20230425-1611\jre\bin\extnet.dll
0x00007ff972460000 - 0x00007ff972478000 	C:\Windows\SYSTEM32\CRYPTSP.dll
0x00007ff971ba0000 - 0x00007ff971bd4000 	C:\Windows\system32\rsaenh.dll
0x00007ff972aa0000 - 0x00007ff972ace000 	C:\Windows\SYSTEM32\USERENV.dll
0x00007ff972480000 - 0x00007ff97248c000 	C:\Windows\SYSTEM32\CRYPTBASE.dll
0x00007ff96c680000 - 0x00007ff96c697000 	C:\Windows\SYSTEM32\dhcpcsvc6.DLL
0x00007ff96c660000 - 0x00007ff96c67d000 	C:\Windows\SYSTEM32\dhcpcsvc.DLL
0x00007ff96ae20000 - 0x00007ff96ae29000 	C:\Users\nqe00505\.p2\pool\plugins\org.eclipse.justj.openjdk.hotspot.jre.full.win32.x86_64_20.0.1.v20230425-1611\jre\bin\management.dll
0x00007ff96a6c0000 - 0x00007ff96a6cb000 	C:\Users\nqe00505\.p2\pool\plugins\org.eclipse.justj.openjdk.hotspot.jre.full.win32.x86_64_20.0.1.v20230425-1611\jre\bin\management_ext.dll
0x00007ff9736c0000 - 0x00007ff9736c8000 	C:\Windows\System32\PSAPI.DLL
0x00007ff96a420000 - 0x00007ff96a42e000 	C:\Users\nqe00505\.p2\pool\plugins\org.eclipse.justj.openjdk.hotspot.jre.full.win32.x86_64_20.0.1.v20230425-1611\jre\bin\sunmscapi.dll
0x00007ff972cb0000 - 0x00007ff972e0d000 	C:\Windows\System32\CRYPT32.dll
0x00007ff972580000 - 0x00007ff9725a8000 	C:\Windows\SYSTEM32\ncrypt.dll
0x00007ff972540000 - 0x00007ff97257b000 	C:\Windows\SYSTEM32\NTASN1.dll
0x00007ff9119f0000 - 0x00007ff9119f7000 	C:\Windows\system32\wshunix.dll

dbghelp: loaded successfully - version: 4.0.5 - missing functions: none
symbol engine: initialized successfully - sym options: 0x614 - pdb path: (cannot be retrieved)

VM Arguments:
jvm_args: -ea -Dfile.encoding=UTF-8 -XX:+ShowCodeDetailsInExceptionMessages 
java_command: org.testng.remote.RemoteTestNG -serport 51646 -protocol json -d C:\Users\nqe00505\Sparsh-10Oct\NonAdmin\test-output C:\Users\nqe00505\AppData\Local\Temp\testng-eclipse--1984393666\testng-customsuite.xml
java_class_path (initial): C:\Users\nqe00505\eclipse\java-2022-06\eclipse\configuration\org.eclipse.osgi\891\0\.cp\lib\testng-remote.jar;C:\Users\nqe00505\Sparsh-10Oct\NonAdmin\target\test-classes;C:\Users\nqe00505\Sparsh-10Oct\NonAdmin\target\classes;C:\Users\nqe00505\.p2\pool\plugins\org.testng_7.8.0.r202306071539.jar;C:\Users\nqe00505\.p2\pool\plugins\com.beust.jcommander_1.82.0.jar;C:\Users\nqe00505\.p2\pool\plugins\org.apache-extras.beanshell.bsh_2.0.0.b6.jar;C:\Users\nqe00505\.p2\pool\plugins\org.yaml.snakeyaml_1.27.0.v20221112-0806.jar;C:\Users\nqe00505\.p2\pool\plugins\org.webjars.jquery_3.6.1.jar;C:\Users\nqe00505\.m2\repository\log4j\log4j\1.2.17\log4j-1.2.17.jar;C:\Users\nqe00505\.m2\repository\io\cucumber\cucumber-java\7.12.1\cucumber-java-7.12.1.jar;C:\Users\nqe00505\.m2\repository\io\cucumber\cucumber-core\7.12.1\cucumber-core-7.12.1.jar;C:\Users\nqe00505\.m2\repository\io\cucumber\cucumber-gherkin\7.12.1\cucumber-gherkin-7.12.1.jar;C:\Users\nqe00505\.m2\repository\io\cucumber\cucumber-gherkin-messages\7.12.1\cucumber-gherkin-messages-7.12.1.jar;C:\Users\nqe00505\.m2\repository\io\cucumber\tag-expressions\5.0.1\tag-expressions-5.0.1.jar;C:\Users\nqe00505\.m2\repository\io\cucumber\cucumber-expressions\16.1.2\cucumber-expressions-16.1.2.jar;C:\Users\nqe00505\.m2\repository\io\cucumber\datatable\7.12.1\datatable-7.12.1.jar;C:\Users\nqe00505\.m2\repository\io\cucumber\cucumber-plugin\7.12.1\cucumber-plugin-7.12.1.jar;C:\Users\nqe00505\.m2\repository\io\cucumber\docstring\7.12.1\docstring-7.12.1.jar;C:\Users\nqe00505\.m2\repository\io\cucumber\html-formatter\20.3.1\html-formatter-20.3.1.jar;C:\Users\nqe00505\.m2\repository\io\cucumber\junit-xml-formatter\0.2.0\junit-xml-formatter-0.2.0.jar;C:\Users\nqe00505\.m2\repository\io\cucumber\ci-environment\9.2.0\ci-environment-9.2.0.jar;C:\Users\nqe00505\.m2\repository\org\apiguardian\apiguardian-api\1.1.2\apiguardian-api-1.1.2.jar;C:\Users\nqe00505\.m2\repository\io\cucumber\cucumber-testng\7.12.0\cucumber-testng-7.12.0.jar;C:\Users\nqe00505\.m2\repository\org\projectlombok\lombok\1.18.22\lombok-1.18.22.jar;C:\Users\nqe00505\.m2\repository\junit\junit\4.11\junit-4.11.jar;C:\Users\nqe00505\.m2\repository\org\hamcrest\hamcrest-core\1.3\hamcrest-core-1.3.jar;C:\Users\nqe00505\.m2\repository\org\seleniumhq\selenium\selenium-java\4.9.0\selenium-java-4.9.0.jar;C:\Users\nqe00505\.m2\repository\org\seleniumhq\selenium\selenium-api\4.9.0\selenium-api-4.9.0.jar;C:\Users\nqe00505\.m2\repository\org\seleniumhq\selenium\selenium-chrome-driver\4.9.0\selenium-chrome-driver-4.9.0.jar;C:\Users\nqe00505\.m2\repository\com\google\auto\service\auto-service-annotations\1.0.1\auto-service-annotations-1.0.1.jar;C:\Users\nqe00505\.m2\repository\com\google\auto\service\auto-service\1.0.1\auto-service-1.0.1.jar;C:\Users\nqe00505\.m2\repository\com\google\auto\auto-common\1.2\auto-common-1.2.jar;C:\Users\nqe00505\.m2\repository\com\google\guava\guava\31.1-jre\guava-31.1-jre.jar;C:\Users\nqe00505\.m2\repository\com\google\guava\failureaccess\1.0.1\failureaccess-1.0.1.jar;C:\Users\nqe00505\.m2\repository\com\google\guava\listenablefuture\9999.0-empty-to-avoid-conflict-with-guava\listenablefuture-9999.0-empty-to-avoid-conflict-with-guava.jar;C:\Users\nqe00505\.m2\repository\com\google\code\findbugs\jsr305\3.0.2\jsr305-3.0.2.jar;C:\Users\nqe00505\.m2\repository\org\checkerframework\checker-qual\3.12.0\checker-qual-3.12.0.jar;C:\Users\nqe00505\.m2\repository\com\google\errorprone\error_prone_annotations\2.11.0\error_prone_annotations-2.11.0.jar;C:\Users\nqe00505\.m2\repository\com\google\j2objc\j2objc-annotations\1.3\j2objc-annotations-1.3.jar;C:\Users\nqe00505\.m2\repository\org\seleniumhq\selenium\selenium-chromium-driver\4.9.0\selenium-chromium-driver-4.9.0.jar;C:\Users\nqe00505\.m2\repository\org\seleniumhq\selenium\selenium-json\4.9.0\selenium-json-4.9.0.jar;C:\Users\nqe00505\.m2\repository\org\seleniumhq\selenium\selenium-manager\4.9.0\selenium-manager-4.9.0.jar;C:\Users\nqe00505\.m2\repository\org\seleniumhq\selenium\selenium-devtools-v110\4.9.0\selenium-devtools-v110-4.9.0.jar;C:\Users\nqe00505\.m2\repository\org\seleniumhq\selenium\selenium-devtools-v111\4.9.0\selenium-devtools-v111-4.9.0.jar;C:\Users\nqe00505\.m2\repository\org\seleniumhq\selenium\selenium-devtools-v112\4.9.0\selenium-devtools-v112-4.9.0.jar;C:\Users\nqe00505\.m2\repository\org\seleniumhq\selenium\selenium-devtools-v85\4.9.0\selenium-devtools-v85-4.9.0.jar;C:\Users\nqe00505\.m2\repository\org\seleniumhq\selenium\selenium-edge-driver\4.9.0\selenium-edge-driver-4.9.0.jar;C:\Users\nqe00505\.m2\repository\org\seleniumhq\selenium\selenium-firefox-driver\4.9.0\selenium-firefox-driver-4.9.0.jar;C:\Users\nqe00505\.m2\repository\org\seleniumhq\selenium\selenium-http\4.9.0\selenium-http-4.9.0.jar;C:\Users\nqe00505\.m2\repository\dev\failsafe\failsafe\3.3.1\failsafe-3.3.1.jar;C:\Users\nqe00505\.m2\repository\org\seleniumhq\selenium\selenium-ie-driver\4.9.0\selenium-ie-driver-4.9.0.jar;C:\Users\nqe00505\.m2\repository\org\seleniumhq\selenium\selenium-remote-driver\4.9.0\selenium-remote-driver-4.9.0.jar;C:\Users\nqe00505\.m2\repository\io\netty\netty-buffer\4.1.91.Final\netty-buffer-4.1.91.Final.jar;C:\Users\nqe00505\.m2\repository\io\netty\netty-codec-http\4.1.91.Final\netty-codec-http-4.1.91.Final.jar;C:\Users\nqe00505\.m2\repository\io\netty\netty-codec\4.1.91.Final\netty-codec-4.1.91.Final.jar;C:\Users\nqe00505\.m2\repository\io\netty\netty-handler\4.1.91.Final\netty-handler-4.1.91.Final.jar;C:\Users\nqe00505\.m2\repository\io\netty\netty-common\4.1.91.Final\netty-common-4.1.91.Final.jar;C:\Users\nqe00505\.m2\repository\io\netty\netty-transport-classes-epoll\4.1.91.Final\netty-transport-classes-epoll-4.1.91.Final.jar;C:\Users\nqe00505\.m2\repository\io\netty\netty-transport-classes-kqueue\4.1.91.Final\netty-transport-classes-kqueue-4.1.91.Final.jar;C:\Users\nqe00505\.m2\repository\io\netty\netty-transport-native-epoll\4.1.91.Final\netty-transport-native-epoll-4.1.91.Final.jar;C:\Users\nqe00505\.m2\repository\io\netty\netty-transport-native-kqueue\4.1.91.Final\netty-transport-native-kqueue-4.1.91.Final.jar;C:\Users\nqe00505\.m2\repository\io\netty\netty-transport-native-unix-common\4.1.91.Final\netty-transport-native-unix-common-4.1.91.Final.jar;C:\Users\nqe00505\.m2\repository\io\netty\netty-transport\4.1.91.Final\netty-transport-4.1.91.Final.jar;C:\Users\nqe00505\.m2\repository\io\netty\netty-resolver\4.1.91.Final\netty-resolver-4.1.91.Final.jar;C:\Users\nqe00505\.m2\repository\io\opentelemetry\opentelemetry-api\1.25.0\opentelemetry-api-1.25.0.jar;C:\Users\nqe00505\.m2\repository\io\opentelemetry\opentelemetry-context\1.25.0\opentelemetry-context-1.25.0.jar;C:\Users\nqe00505\.m2\repository\io\opentelemetry\opentelemetry-exporter-logging\1.25.0\opentelemetry-exporter-logging-1.25.0.jar;C:\Users\nqe00505\.m2\repository\io\opentelemetry\opentelemetry-sdk-metrics\1.25.0\opentelemetry-sdk-metrics-1.25.0.jar;C:\Users\nqe00505\.m2\repository\io\opentelemetry\opentelemetry-sdk-logs\1.25.0-alpha\opentelemetry-sdk-logs-1.25.0-alpha.jar;C:\Users\nqe00505\.m2\repository\io\opentelemetry\opentelemetry-api-logs\1.25.0-alpha\opentelemetry-api-logs-1.25.0-alpha.jar;C:\Users\nqe00505\.m2\repository\io\opentelemetry\opentelemetry-api-events\1.25.0-alpha\opentelemetry-api-events-1.25.0-alpha.jar;C:\Users\nqe00505\.m2\repository\io\opentelemetry\opentelemetry-sdk-common\1.25.0\opentelemetry-sdk-common-1.25.0.jar;C:\Users\nqe00505\.m2\repository\io\opentelemetry\opentelemetry-sdk-extension-autoconfigure-spi\1.25.0\opentelemetry-sdk-extension-autoconfigure-spi-1.25.0.jar;C:\Users\nqe00505\.m2\repository\io\opentelemetry\opentelemetry-sdk-extension-autoconfigure\1.25.0-alpha\opentelemetry-sdk-extension-autoconfigure-1.25.0-alpha.jar;C:\Users\nqe00505\.m2\repository\io\opentelemetry\opentelemetry-sdk-trace\1.25.0\opentelemetry-sdk-trace-1.25.0.jar;C:\Users\nqe00505\.m2\repository\io\opentelemetry\opentelemetry-sdk\1.25.0\opentelemetry-sdk-1.25.0.jar;C:\Users\nqe00505\.m2\repository\io\opentelemetry\opentelemetry-semconv\1.25.0-alpha\opentelemetry-semconv-1.25.0-alpha.jar;C:\Users\nqe00505\.m2\repository\io\ous\jtoml\2.0.0\jtoml-2.0.0.jar;C:\Users\nqe00505\.m2\repository\net\bytebuddy\byte-buddy\1.14.4\byte-buddy-1.14.4.jar;C:\Users\nqe00505\.m2\repository\org\apache\commons\commons-exec\1.3\commons-exec-1.3.jar;C:\Users\nqe00505\.m2\repository\org\asynchttpclient\async-http-client\2.12.3\async-http-client-2.12.3.jar;C:\Users\nqe00505\.m2\repository\org\asynchttpclient\async-http-client-netty-utils\2.12.3\async-http-client-netty-utils-2.12.3.jar;C:\Users\nqe00505\.m2\repository\io\netty\netty-codec-socks\4.1.60.Final\netty-codec-socks-4.1.60.Final.jar;C:\Users\nqe00505\.m2\repository\io\netty\netty-handler-proxy\4.1.60.Final\netty-handler-proxy-4.1.60.Final.jar;C:\Users\nqe00505\.m2\repository\io\netty\netty-transport-native-epoll\4.1.60.Final\netty-transport-native-epoll-4.1.60.Final-linux-x86_64.jar;C:\Users\nqe00505\.m2\repository\io\netty\netty-transport-native-kqueue\4.1.60.Final\netty-transport-native-kqueue-4.1.60.Final-osx-x86_64.jar;C:\Users\nqe00505\.m2\repository\com\typesafe\netty\netty-reactive-streams\2.0.4\netty-reactive-streams-2.0.4.jar;C:\Users\nqe00505\.m2\repository\com\sun\activation\jakarta.activation\1.2.2\jakarta.activation-1.2.2.jar;C:\Users\nqe00505\.m2\repository\org\seleniumhq\selenium\selenium-safari-driver\4.9.0\selenium-safari-driver-4.9.0.jar;C:\Users\nqe00505\.m2\repository\org\seleniumhq\selenium\selenium-support\4.9.0\selenium-support-4.9.0.jar;C:\Users\nqe00505\.m2\repository\org\testng\testng\7.7.1\testng-7.7.1.jar;C:\Users\nqe00505\.m2\repository\org\slf4j\slf4j-api\1.7.36\slf4j-api-1.7.36.jar;C:\Users\nqe00505\.m2\repository\com\beust\jcommander\1.82\jcommander-1.82.jar;C:\Users\nqe00505\.m2\repository\org\webjars\jquery\3.6.1\jquery-3.6.1.jar;C:\Users\nqe00505\.m2\repository\io\github\bonigarcia\webdrivermanager\5.3.2\webdrivermanager-5.3.2.jar;C:\Users\nqe00505\.m2\repository\com\google\code\gson\gson\2.10.1\gson-2.10.1.jar;C:\Users\nqe00505\.m2\repository\com\github\docker-java\docker-java\3.2.14\docker-java-3.2.14.jar;C:\Users\nqe00505\.m2\repository\com\github\docker-java\docker-java-core\3.2.14\docker-java-core-3.2.14.jar;C:\Users\nqe00505\.m2\repository\com\github\docker-java\docker-java-api\3.2.14\docker-java-api-3.2.14.jar;C:\Users\nqe00505\.m2\repository\org\bouncycastle\bcpkix-jdk15on\1.64\bcpkix-jdk15on-1.64.jar;C:\Users\nqe00505\.m2\repository\org\bouncycastle\bcprov-jdk15on\1.64\bcprov-jdk15on-1.64.jar;C:\Users\nqe00505\.m2\repository\org\slf4j\jcl-over-slf4j\1.7.30\jcl-over-slf4j-1.7.30.jar;C:\Users\nqe00505\.m2\repository\com\github\docker-java\docker-java-transport-httpclient5\3.2.14\docker-java-transport-httpclient5-3.2.14.jar;C:\Users\nqe00505\.m2\repository\com\github\docker-java\docker-java-transport\3.2.14\docker-java-transport-3.2.14.jar;C:\Users\nqe00505\.m2\repository\net\java\dev\jna\jna\5.12.1\jna-5.12.1.jar;C:\Users\nqe00505\.m2\repository\org\brotli\dec\0.1.2\dec-0.1.2.jar;C:\Users\nqe00505\.m2\repository\org\apache\commons\commons-lang3\3.12.0\commons-lang3-3.12.0.jar;C:\Users\nqe00505\.m2\repository\org\apache\httpcomponents\client5\httpclient5\5.2.1\httpclient5-5.2.1.jar;C:\Users\nqe00505\.m2\repository\org\apache\httpcomponents\core5\httpcore5\5.2\httpcore5-5.2.jar;C:\Users\nqe00505\.m2\repository\org\apache\httpcomponents\core5\httpcore5-h2\5.2\httpcore5-h2-5.2.jar;C:\Users\nqe00505\.m2\repository\com\fasterxml\jackson\core\jackson-databind\2.15.0\jackson-databind-2.15.0.jar;C:\Users\nqe00505\.m2\repository\com\fasterxml\jackson\core\jackson-annotations\2.15.0\jackson-annotations-2.15.0.jar;C:\Users\nqe00505\.m2\repository\com\fasterxml\jackson\core\jackson-core\2.15.0\jackson-core-2.15.0.jar;C:\Users\nqe00505\.m2\repository\com\aventstack\extentreports\5.0.9\extentreports-5.0.9.jar;C:\Users\nqe00505\.m2\repository\io\reactivex\rxjava3\rxjava\3.0.4\rxjava-3.0.4.jar;C:\Users\nqe00505\.m2\repository\org\reactivestreams\reactive-streams\1.0.3\reactive-streams-1.0.3.jar;C:\Users\nqe00505\.m2\repository\org\freemarker\freemarker\2.3.30\freemarker-2.3.30.jar;C:\Users\nqe00505\.m2\repository\io\cucumber\cucumber-picocontainer\7.12.1\cucumber-picocontainer-7.12.1.jar;C:\Users\nqe00505\.m2\repository\org\picocontainer\picocontainer\2.15\picocontainer-2.15.jar;C:\Users\nqe00505\.m2\repository\io\cucumber\gherkin\26.2.0\gherkin-26.2.0.jar;C:\Users\nqe00505\.m2\repository\io\cucumber\messages\22.0.0\messages-22.0.0.jar;C:\Users\nqe00505\.m2\repository\tech\grasshopper\extentreports-cucumber7-adapter\1.13.0\extentreports-cucumber7-adapter-1.13.0.jar;C:\Users\nqe00505\.m2\repository\tech\grasshopper\extent-pdf-report\2.11.0\extent-pdf-report-2.11.0.jar;C:\Users\nqe00505\.m2\repository\tech\grasshopper\cucumber-pdf-report\2.13.0\cucumber-pdf-report-2.13.0.jar;C:\Users\nqe00505\.m2\repository\org\apache\pdfbox\pdfbox\2.0.26\pdfbox-2.0.26.jar;C:\Users\nqe00505\.m2\repository\org\apache\pdfbox\fontbox\2.0.26\fontbox-2.0.26.jar;C:\Users\nqe00505\.m2\repository\org\knowm\xchart\xchart\3.8.0\xchart-3.8.0.jar;C:\Users\nqe00505\.m2\repository\de\erichseifert\vectorgraphics2d\VectorGraphics2D\0.13\VectorGraphics2D-0.13.jar;C:\Users\nqe00505\.m2\repository\de\rototor\pdfbox\graphics2d\0.30\graphics2d-0.30.jar;C:\Users\nqe00505\.m2\repository\com\madgag\animated-gif-lib\1.4\animated-gif-lib-1.4.jar;C:\Users\nqe00505\.m2\repository\org\yaml\snakeyaml\2.0\snakeyaml-2.0.jar;C:\Users\nqe00505\.m2\repository\tech\grasshopper\table-layout\1.5.1\table-layout-1.5.1.jar;C:\Users\nqe00505\.m2\repository\tech\grasshopper\rest-assured-cucumber-pdf-report\1.4.1\rest-assured-cucumber-pdf-report-1.4.1.jar;C:\Users\nqe00505\.m2\repository\org\jsoup\jsoup\1.15.3\jsoup-1.15.3.jar;C:\Users\nqe00505\.m2\repository\com\aventstack\klov-reporter\5.0.9\klov-reporter-5.0.9.jar;C:\Users\nqe00505\.m2\repository\org\mongodb\mongodb-driver\3.6.4\mongodb-driver-3.6.4.jar;C:\Users\nqe00505\.m2\repository\org\mongodb\mongodb-driver-core\3.6.4\mongodb-driver-core-3.6.4.jar;C:\Users\nqe00505\.m2\repository\org\mongodb\bson\3.6.4\bson-3.6.4.jar;C:\Users\nqe00505\.m2\repository\org\apache\httpcomponents\httpclient\4.5.13\httpclient-4.5.13.jar;C:\Users\nqe00505\.m2\repository\org\apache\httpcomponents\httpcore\4.4.13\httpcore-4.4.13.jar;C:\Users\nqe00505\.m2\repository\org\apache\httpcomponents\httpmime\4.5.13\httpmime-4.5.13.jar;C:\Users\nqe00505\.m2\repository\tech\grasshopper\htmlextentreporter\1.0.1\htmlextentreporter-1.0.1.jar;C:\Users\nqe00505\.m2\repository\tech\grasshopper\extent-excel-report\1.3.0\extent-excel-report-1.3.0.jar;C:\Users\nqe00505\.m2\repository\commons-io\commons-io\2.13.0\commons-io-2.13.0.jar;C:\Users\nqe00505\.m2\repository\org\apache\poi\poi\5.2.3\poi-5.2.3.jar;C:\Users\nqe00505\.m2\repository\commons-codec\commons-codec\1.15\commons-codec-1.15.jar;C:\Users\nqe00505\.m2\repository\org\apache\commons\commons-collections4\4.4\commons-collections4-4.4.jar;C:\Users\nqe00505\.m2\repository\org\apache\commons\commons-math3\3.6.1\commons-math3-3.6.1.jar;C:\Users\nqe00505\.m2\repository\com\zaxxer\SparseBitSet\1.2\SparseBitSet-1.2.jar;C:\Users\nqe00505\.m2\repository\org\apache\logging\log4j\log4j-api\2.18.0\log4j-api-2.18.0.jar;C:\Users\nqe00505\.m2\repository\org\apache\poi\poi-ooxml\5.2.3\poi-ooxml-5.2.3.jar;C:\Users\nqe00505\.m2\repository\org\apache\poi\poi-ooxml-lite\5.2.3\poi-ooxml-lite-5.2.3.jar;C:\Users\nqe00505\.m2\repository\org\apache\xmlbeans\xmlbeans\5.1.1\xmlbeans-5.1.1.jar;C:\Users\nqe00505\.m2\repository\org\apache\commons\commons-compress\1.21\commons-compress-1.21.jar;C:\Users\nqe00505\.m2\repository\com\github\virtuald\curvesapi\1.07\curvesapi-1.07.jar;C:\Users\nqe00505\.m2\repository\org\apache\logging\log4j\log4j-to-slf4j\2.8.2\log4j-to-slf4j-2.8.2.jar;C:\Users\nqe00505\.m2\repository\com\amazonaws\aws-encryption-sdk-java\2.3.3\aws-encryption-sdk-java-2.3.3.jar;C:\Users\nqe00505\.m2\repository\org\bouncycastle\bcprov-ext-jdk15on\1.69\bcprov-ext-jdk15on-1.69.jar;C:\Users\nqe00505\.m2\repository\com\amazonaws\aws-java-sdk-dynamodb\1.12.85\aws-java-sdk-dynamodb-1.12.85.jar;C:\Users\nqe00505\.m2\repository\com\amazonaws\aws-java-sdk-s3\1.12.85\aws-java-sdk-s3-1.12.85.jar;C:\Users\nqe00505\.m2\repository\com\amazonaws\aws-java-sdk-kms\1.12.85\aws-java-sdk-kms-1.12.85.jar;C:\Users\nqe00505\.m2\repository\com\amazonaws\aws-java-sdk-core\1.12.85\aws-java-sdk-core-1.12.85.jar;C:\Users\nqe00505\.m2\repository\commons-logging\commons-logging\1.1.3\commons-logging-1.1.3.jar;C:\Users\nqe00505\.m2\repository\software\amazon\ion\ion-java\1.0.2\ion-java-1.0.2.jar;C:\Users\nqe00505\.m2\repository\com\fasterxml\jackson\dataformat\jackson-dataformat-cbor\2.12.3\jackson-dataformat-cbor-2.12.3.jar;C:\Users\nqe00505\.m2\repository\joda-time\joda-time\2.8.1\joda-time-2.8.1.jar;C:\Users\nqe00505\.m2\repository\com\amazonaws\jmespath-java\1.12.85\jmespath-java-1.12.85.jar;C:\Users\nqe00505\.m2\repository\com\googlecode\json-simple\json-simple\1.1.1\json-simple-1.1.1.jar
Launcher Type: SUN_STANDARD

[Global flags]
     intx CICompilerCount                          = 3                                         {product} {ergonomic}
     uint ConcGCThreads                            = 1                                         {product} {ergonomic}
     uint G1ConcRefinementThreads                  = 4                                         {product} {ergonomic}
   size_t G1HeapRegionSize                         = 1048576                                   {product} {ergonomic}
    uintx GCDrainStackTargetSize                   = 64                                        {product} {ergonomic}
   size_t InitialHeapSize                          = 134217728                                 {product} {ergonomic}
   size_t MarkStackSize                            = 4194304                                   {product} {ergonomic}
   size_t MaxHeapSize                              = 2120220672                                {product} {ergonomic}
   size_t MaxNewSize                               = 1271922688                                {product} {ergonomic}
   size_t MinHeapDeltaBytes                        = 1048576                                   {product} {ergonomic}
   size_t MinHeapSize                              = 8388608                                   {product} {ergonomic}
    uintx NonNMethodCodeHeapSize                   = 5832780                                {pd product} {ergonomic}
    uintx NonProfiledCodeHeapSize                  = 122912730                              {pd product} {ergonomic}
    uintx ProfiledCodeHeapSize                     = 122912730                              {pd product} {ergonomic}
    uintx ReservedCodeCacheSize                    = 251658240                              {pd product} {ergonomic}
     bool SegmentedCodeCache                       = true                                      {product} {ergonomic}
     bool ShowCodeDetailsInExceptionMessages       = true                                   {manageable} {command line}
   size_t SoftMaxHeapSize                          = 2120220672                             {manageable} {ergonomic}
     bool UseCompressedClassPointers               = true                           {product lp64_product} {ergonomic}
     bool UseCompressedOops                        = true                           {product lp64_product} {ergonomic}
     bool UseG1GC                                  = true                                      {product} {ergonomic}
     bool UseLargePagesIndividualAllocation        = false                                  {pd product} {ergonomic}

Logging:
Log output configuration:
 #0: stdout all=warning uptime,level,tags foldmultilines=false
 #1: stderr all=off uptime,level,tags foldmultilines=false

Environment Variables:
JAVA_HOME=C:\Program Files\Java\jdk-17.0.5
PATH=C:/Users/nqe00505/.p2/pool/plugins/org.eclipse.justj.openjdk.hotspot.jre.full.win32.x86_64_20.0.1.v20230425-1611/jre/bin/server;C:/Users/nqe00505/.p2/pool/plugins/org.eclipse.justj.openjdk.hotspot.jre.full.win32.x86_64_20.0.1.v20230425-1611/jre/bin;C:\Program Files\Common Files\Oracle\Java\javapath;C:\Python310\Scripts\;C:\Python310\;C:\Program Files (x86)\Common Files\Oracle\Java\javapath;C:\Windows\system32;C:\Windows;C:\Windows\System32\Wbem;C:\Windows\System32\WindowsPowerShell\v1.0\;C:\Windows\System32\OpenSSH\;C:\Program Files\Git\cmd;C:\Program Files\nodejs\;C:\ProgramData\chocolatey\bin;C:\Program Files\PuTTY\;C:\Selenium\apache-maven-3.9.2\bin;C:\Program Files\dotnet\;C:\Program Files (x86)\Intel\Intel(R) Management Engine Components\DAL;C:\Program Files\Intel\Intel(R) Management Engine Components\DAL;C:\Users\nqe00505\AppData\Local\Microsoft\WindowsApps;C:\Users\nqe00505\AppData\Roaming\npm;C:\Program Files\Java\jdk-17.0.5;;C:\Users\nqe00505\eclipse\java-2022-06\eclipse;
USERNAME=NQE00505
OS=Windows_NT
PROCESSOR_IDENTIFIER=Intel64 Family 6 Model 78 Stepping 3, GenuineIntel
TMP=C:\Users\nqe00505\AppData\Local\Temp
TEMP=C:\Users\nqe00505\AppData\Local\Temp




---------------  S Y S T E M  ---------------

OS:
 Windows 10 , 64 bit Build 19041 (10.0.19041.3636)
OS uptime: 7 days 18:34 hours

CPU: total 4 (initial active 4) (2 cores per cpu, 2 threads per core) family 6 model 78 stepping 3 microcode 0xf0, cx8, cmov, fxsr, ht, mmx, 3dnowpref, sse, sse2, sse3, ssse3, sse4.1, sse4.2, popcnt, lzcnt, tsc, tscinvbit, avx, avx2, aes, erms, clmul, bmi1, bmi2, rtm, adx, fma, vzeroupper, clflush, clflushopt, rdtscp, f16c

Memory: 4k page, system-wide physical 8083M (431M free)
TotalPageFile size 26031M (AvailPageFile size 3M)
current process WorkingSet (physical memory assigned to process): 169M, peak: 178M
current process commit charge ("private bytes"): 195M, peak: 238M

vm_info: OpenJDK 64-Bit Server VM (20.0.1+9) for windows-amd64 JRE (20.0.1+9), built on 2023-04-18T00:00:00Z by "temurin" with MS VC++ 16.10 / 16.11 (VS2019)

END.
